-------------------------------------------------------------------------------
Test set: aiss.resources.pruebas.LyricsOVHResourceTest
-------------------------------------------------------------------------------
Tests run: 1, Failures: 0, Errors: 1, Skipped: 0, Time elapsed: 4.427 sec <<< FAILURE!
testGetLyrics(aiss.resources.pruebas.LyricsOVHResourceTest)  Time elapsed: 4.427 sec  <<< ERROR!
org.restlet.resource.ResourceException: Communication Error (1001) - The connector failed to complete the communication with the server
	at org.restlet.resource.ClientResource.doError(ClientResource.java:592)
	at org.restlet.resource.ClientResource.handleInbound(ClientResource.java:1153)
	at org.restlet.resource.ClientResource.handle(ClientResource.java:1008)
	at org.restlet.resource.ClientResource.handle(ClientResource.java:946)
	at org.restlet.resource.ClientResource.get(ClientResource.java:660)
	at aiss.model.resources.LyricsOVHResource.getLyrics(LyricsOVHResource.java:23)
	at aiss.resources.pruebas.LyricsOVHResourceTest.testGetLyrics(LyricsOVHResourceTest.java:21)
	at java.base/jdk.internal.reflect.NativeMethodAccessorImpl.invoke0(Native Method)
	at java.base/jdk.internal.reflect.NativeMethodAccessorImpl.invoke(NativeMethodAccessorImpl.java:62)
	at java.base/jdk.internal.reflect.DelegatingMethodAccessorImpl.invoke(DelegatingMethodAccessorImpl.java:43)
	at java.base/java.lang.reflect.Method.invoke(Method.java:566)
	at org.junit.runners.model.FrameworkMethod$1.runReflectiveCall(FrameworkMethod.java:50)
	at org.junit.internal.runners.model.ReflectiveCallable.run(ReflectiveCallable.java:12)
	at org.junit.runners.model.FrameworkMethod.invokeExplosively(FrameworkMethod.java:47)
	at org.junit.internal.runners.statements.InvokeMethod.evaluate(InvokeMethod.java:17)
	at org.junit.runners.ParentRunner.runLeaf(ParentRunner.java:325)
	at org.junit.runners.BlockJUnit4ClassRunner.runChild(BlockJUnit4ClassRunner.java:78)
	at org.junit.runners.BlockJUnit4ClassRunner.runChild(BlockJUnit4ClassRunner.java:57)
	at org.junit.runners.ParentRunner$3.run(ParentRunner.java:290)
	at org.junit.runners.ParentRunner$1.schedule(ParentRunner.java:71)
	at org.junit.runners.ParentRunner.runChildren(ParentRunner.java:288)
	at org.junit.runners.ParentRunner.access$000(ParentRunner.java:58)
	at org.junit.runners.ParentRunner$2.evaluate(ParentRunner.java:268)
	at org.junit.runners.ParentRunner.run(ParentRunner.java:363)
	at org.apache.maven.surefire.junit4.JUnit4Provider.execute(JUnit4Provider.java:252)
	at org.apache.maven.surefire.junit4.JUnit4Provider.executeTestSet(JUnit4Provider.java:141)
	at org.apache.maven.surefire.junit4.JUnit4Provider.invoke(JUnit4Provider.java:112)
	at java.base/jdk.internal.reflect.NativeMethodAccessorImpl.invoke0(Native Method)
	at java.base/jdk.internal.reflect.NativeMethodAccessorImpl.invoke(NativeMethodAccessorImpl.java:62)
	at java.base/jdk.internal.reflect.DelegatingMethodAccessorImpl.invoke(DelegatingMethodAccessorImpl.java:43)
	at java.base/java.lang.reflect.Method.invoke(Method.java:566)
	at org.apache.maven.surefire.util.ReflectionUtils.invokeMethodWithArray(ReflectionUtils.java:189)
	at org.apache.maven.surefire.booter.ProviderFactory$ProviderProxy.invoke(ProviderFactory.java:165)
	at org.apache.maven.surefire.booter.ProviderFactory.invokeProvider(ProviderFactory.java:85)
	at org.apache.maven.surefire.booter.ForkedBooter.runSuitesInProcess(ForkedBooter.java:115)
	at org.apache.maven.surefire.booter.ForkedBooter.main(ForkedBooter.java:75)
Caused by: java.net.UnknownHostException: api.lyrics.ovh
	at java.base/java.net.AbstractPlainSocketImpl.connect(AbstractPlainSocketImpl.java:220)
	at java.base/java.net.SocksSocketImpl.connect(SocksSocketImpl.java:403)
	at java.base/java.net.Socket.connect(Socket.java:608)
	at java.base/sun.security.ssl.SSLSocketImpl.connect(SSLSocketImpl.java:285)
	at java.base/sun.net.NetworkClient.doConnect(NetworkClient.java:177)
	at java.base/sun.net.www.http.HttpClient.openServer(HttpClient.java:474)
	at java.base/sun.net.www.http.HttpClient.openServer(HttpClient.java:569)
	at java.base/sun.net.www.protocol.https.HttpsClient.<init>(HttpsClient.java:265)
	at java.base/sun.net.www.protocol.https.HttpsClient.New(HttpsClient.java:372)
	at java.base/sun.net.www.protocol.https.AbstractDelegateHttpsURLConnection.getNewHttpClient(AbstractDelegateHttpsURLConnection.java:191)
	at java.base/sun.net.www.protocol.http.HttpURLConnection.plainConnect0(HttpURLConnection.java:1187)
	at java.base/sun.net.www.protocol.http.HttpURLConnection.plainConnect(HttpURLConnection.java:1081)
	at java.base/sun.net.www.protocol.https.AbstractDelegateHttpsURLConnection.connect(AbstractDelegateHttpsURLConnection.java:177)
	at java.base/sun.net.www.protocol.https.HttpsURLConnectionImpl.connect(HttpsURLConnectionImpl.java:168)
	at org.restlet.engine.connector.HttpUrlConnectionCall.sendRequest(HttpUrlConnectionCall.java:360)
	at org.restlet.engine.adapter.ClientAdapter.commit(ClientAdapter.java:105)
	at org.restlet.engine.adapter.HttpClientHelper.handle(HttpClientHelper.java:119)
	at org.restlet.Client.handle(Client.java:153)
	at org.restlet.routing.Filter.doHandle(Filter.java:150)
	at org.restlet.routing.Filter.handle(Filter.java:197)
	at org.restlet.resource.ClientResource.handle(ClientResource.java:1092)
	at org.restlet.resource.ClientResource.retry(ClientResource.java:1650)
	at org.restlet.resource.ClientResource.handle(ClientResource.java:1100)
	at org.restlet.resource.ClientResource.retry(ClientResource.java:1650)
	at org.restlet.resource.ClientResource.handle(ClientResource.java:1100)
	at org.restlet.resource.ClientResource.handleOutbound(ClientResource.java:1176)
	at org.restlet.resource.ClientResource.handle(ClientResource.java:1007)
	... 33 more

