<?xml version="1.0" encoding="UTF-8" ?>
<testsuite tests="3" failures="0" name="aiss.resources.pruebas.SpotifyResourceTest" time="1.322" errors="0" skipped="0">
  <properties>
[...]
</properties>
  <testcase classname="aiss.resources.pruebas.SpotifyResourceTest" name="testGetAlbumsSearchResults" time="0.476"/>
  <testcase classname="aiss.resources.pruebas.SpotifyResourceTest" name="testGetArtistsSearchResults" time="0.366"/>
  <testcase classname="aiss.resources.pruebas.SpotifyResourceTest" name="testGetTrackSearchResults" time="0.48"/>
</testsuite>